Copyright 1986-2018 Xilinx, Inc. All Rights Reserved.
--------------------------------------------------------------------------------------
| Tool Version : Vivado v.2018.3 (lin64) Build 2405991 Thu Dec  6 23:36:41 MST 2018
| Date         : Thu May 16 18:53:43 2019
| Host         : jinson-virtual-machine running 64-bit Ubuntu 18.04.2 LTS
| Command      : report_control_sets -verbose -file Lab09_PWM_control_sets_placed.rpt
| Design       : Lab09_PWM
| Device       : xc7a100t
--------------------------------------------------------------------------------------

Control Set Information

Table of Contents
-----------------
1. Summary
2. Histogram
3. Flip-Flop Distribution
4. Detailed Control Set Information

1. Summary
----------

+----------------------------------------------------------+-------+
|                          Status                          | Count |
+----------------------------------------------------------+-------+
| Number of unique control sets                            |     2 |
| Unused register locations in slices containing registers |     9 |
+----------------------------------------------------------+-------+


2. Histogram
------------

+--------+--------------+
| Fanout | Control Sets |
+--------+--------------+
|      9 |            1 |
|    16+ |            1 |
+--------+--------------+


3. Flip-Flop Distribution
-------------------------

+--------------+-----------------------+------------------------+-----------------+--------------+
| Clock Enable | Synchronous Set/Reset | Asynchronous Set/Reset | Total Registers | Total Slices |
+--------------+-----------------------+------------------------+-----------------+--------------+
| No           | No                    | No                     |               0 |            0 |
| No           | No                    | Yes                    |              31 |           11 |
| No           | Yes                   | No                     |               0 |            0 |
| Yes          | No                    | No                     |               0 |            0 |
| Yes          | No                    | Yes                    |               0 |            0 |
| Yes          | Yes                   | No                     |               0 |            0 |
+--------------+-----------------------+------------------------+-----------------+--------------+


4. Detailed Control Set Information
-----------------------------------

+---------------------+---------------+------------------+------------------+----------------+
|     Clock Signal    | Enable Signal | Set/Reset Signal | Slice Load Count | Bel Load Count |
+---------------------+---------------+------------------+------------------+----------------+
|  cycle_demo_reg_n_0 |               | cnt[20]_i_2_n_0  |                3 |              9 |
|  clk_IBUF_BUFG      |               | cnt[20]_i_2_n_0  |                8 |             22 |
+---------------------+---------------+------------------+------------------+----------------+


