Copyright 1986-2018 Xilinx, Inc. All Rights Reserved.
-------------------------------------------------------------------------------------------
| Tool Version : Vivado v.2018.3 (lin64) Build 2405991 Thu Dec  6 23:36:41 MST 2018
| Date         : Sun May  5 19:45:24 2019
| Host         : jinson-virtual-machine running 64-bit Ubuntu 18.04.2 LTS
| Command      : report_control_sets -verbose -file Lab08_Keyboard_control_sets_placed.rpt
| Design       : Lab08_Keyboard
| Device       : xc7a100t
-------------------------------------------------------------------------------------------

Control Set Information

Table of Contents
-----------------
1. Summary
2. Histogram
3. Flip-Flop Distribution
4. Detailed Control Set Information

1. Summary
----------

+----------------------------------------------------------+-------+
|                          Status                          | Count |
+----------------------------------------------------------+-------+
| Number of unique control sets                            |     6 |
| Unused register locations in slices containing registers |    32 |
+----------------------------------------------------------+-------+


2. Histogram
------------

+--------+--------------+
| Fanout | Control Sets |
+--------+--------------+
|      1 |            3 |
|      5 |            1 |
|     10 |            1 |
|     14 |            1 |
+--------+--------------+


3. Flip-Flop Distribution
-------------------------

+--------------+-----------------------+------------------------+-----------------+--------------+
| Clock Enable | Synchronous Set/Reset | Asynchronous Set/Reset | Total Registers | Total Slices |
+--------------+-----------------------+------------------------+-----------------+--------------+
| No           | No                    | No                     |              24 |            7 |
| No           | No                    | Yes                    |               0 |            0 |
| No           | Yes                   | No                     |               8 |            5 |
| Yes          | No                    | No                     |               0 |            0 |
| Yes          | No                    | Yes                    |               0 |            0 |
| Yes          | Yes                   | No                     |               0 |            0 |
+--------------+-----------------------+------------------------+-----------------+--------------+


4. Detailed Control Set Information
-----------------------------------

+----------------+---------------+------------------+------------------+----------------+
|  Clock Signal  | Enable Signal | Set/Reset Signal | Slice Load Count | Bel Load Count |
+----------------+---------------+------------------+------------------+----------------+
|  clk_IBUF_BUFG |               | num[1]_i_1_n_0   |                1 |              1 |
|  clk_IBUF_BUFG |               | num[5]_i_1_n_0   |                1 |              1 |
|  clk_IBUF_BUFG |               | num[7]_i_1_n_0   |                1 |              1 |
|  clk_IBUF_BUFG |               | p_0_in0          |                2 |              5 |
|  p_0_in__0     |               |                  |                3 |             10 |
|  clk_IBUF_BUFG |               |                  |                4 |             14 |
+----------------+---------------+------------------+------------------+----------------+


